Arguments: 
  C:\Users\kamol\AppData\Roaming\npm\node_modules\node\node_modules\node-win-x64\bin\node.exe C:\Users\kamol\AppData\Roaming\npm\node_modules\yarn\bin\yarn.js init

PATH: 
  C:\Git\mingw64\bin;C:\Git\usr\bin;C:\Users\kamol\bin;C:\WINDOWS\system32;C:\WINDOWS;C:\WINDOWS\System32\Wbem;C:\WINDOWS\System32\WindowsPowerShell\v1.0;C:\WINDOWS\System32\OpenSSH;C:\Git\cmd;C:\Users\kamol\AppData\Roaming\nvm;C:\Program Files\nodejs;C:\Git\usr\bin;C:\Users\kamol\AppData\Local\Programs\Python310;C:\Users\kamol\AppData\Local\Programs\Python\Python310\Scripts;C:\Program Files\Calibre2;C:\Users\kamol\AppData\Local\Programs\Python\Python310\Scripts;C:\Users\kamol\AppData\Local\Programs\Python\Python310;C:\Users\kamol\AppData\Local\Microsoft\WindowsApps;C:\Microsoft VS Code\bin;C:\Users\kamol\AppData\Roaming\npm;C:\Users\kamol\AppData\Local\GitHubDesktop\bin;C:\Users\kamol\AppData\Roaming\nvm;C:\Program Files\nodejs;C:\Program Files\JetBrains\WebStorm 2022.3\bin;C:\Program Files\JetBrains\WebStorm 2022.3.2\bin

Yarn version: 
  1.22.18

Node version: 
  16.0.0

Platform: 
  win32 x64

Trace: 
  Error: canceled
      at Interface.<anonymous> (C:\Users\kamol\AppData\Roaming\npm\node_modules\yarn\lib\cli.js:137143:13)
      at Interface.emit (node:events:365:28)
      at Interface._ttyWrite (node:readline:1007:16)
      at ReadStream.onkeypress (node:readline:271:10)
      at ReadStream.emit (node:events:365:28)
      at emitKeys (node:internal/readline/utils:358:14)
      at emitKeys.next (<anonymous>)
      at ReadStream.onData (node:readline:1281:36)
      at ReadStream.emit (node:events:365:28)
      at addChunk (node:internal/streams/readable:314:12)

npm manifest: 
  No manifest

yarn manifest: 
  No manifest

Lockfile: 
  No lockfile
